This file contains any messages produced by compilers while
running configure, to aid debugging if configure makes a mistake.

It was created by libneo4j-client configure 2.2.0, which was
generated by GNU Autoconf 2.69.  Invocation command line was

  $ ./configure --with-tls --with-libs=/usr/local/opt/openssl/

## --------- ##
## Platform. ##
## --------- ##

hostname = dobby
uname -m = x86_64
uname -r = 19.4.0
uname -s = Darwin
uname -v = Darwin Kernel Version 19.4.0: Wed Mar  4 22:28:40 PST 2020; root:xnu-6153.101.6~15/RELEASE_X86_64

/usr/bin/uname -p = i386
/bin/uname -X     = unknown

/bin/arch              = unknown
/usr/bin/arch -k       = unknown
/usr/convex/getsysinfo = unknown
/usr/bin/hostinfo      = Mach kernel version:
	 Darwin Kernel Version 19.4.0: Wed Mar  4 22:28:40 PST 2020; root:xnu-6153.101.6~15/RELEASE_X86_64
Kernel configured for up to 4 processors.
2 processors are physically available.
4 processors are logically available.
Processor type: x86_64h (Intel x86-64h Haswell)
Processors active: 0 1 2 3
Primary memory available: 8.00 gigabytes
Default processor set: 372 tasks, 2003 threads, 4 processors
Load average: 3.44, Mach factor: 1.65
/bin/machine           = unknown
/usr/bin/oslevel       = unknown
/bin/universe          = unknown

PATH: /Users/maj/perl5/perlbrew/bin
PATH: /Users/maj/perl5/perlbrew/perls/perl-5.24.4/bin
PATH: /usr/local/bin
PATH: /usr/bin
PATH: /bin
PATH: /usr/sbin
PATH: /sbin
PATH: /usr/local/MacGPG2/bin
PATH: /opt/X11/bin
PATH: /usr/local/texlive/2019/bin/x86_64-darwin
PATH: /usr/bin
PATH: /bin
PATH: /usr/sbin
PATH: /sbin
PATH: /usr/texbin
PATH: /Library/TeX/texbin
PATH: /usr/local/texlive/2019/bin
PATH: /usr/local/texlive/2019/bin/x86_64-darwin


## ----------- ##
## Core tests. ##
## ----------- ##

configure:2416: checking for a BSD-compatible install
configure:2484: result: /usr/bin/install -c
configure:2495: checking whether build environment is sane
configure:2550: result: yes
configure:2701: checking for a thread-safe mkdir -p
configure:2740: result: ./install-sh -c -d
configure:2747: checking for gawk
configure:2777: result: no
configure:2747: checking for mawk
configure:2777: result: no
configure:2747: checking for nawk
configure:2777: result: no
configure:2747: checking for awk
configure:2763: found /usr/bin/awk
configure:2774: result: awk
configure:2785: checking whether make sets $(MAKE)
configure:2807: result: yes
configure:2836: checking whether make supports nested variables
configure:2853: result: yes
configure:2982: checking whether to enable maintainer-specific portions of Makefiles
configure:2991: result: yes
configure:3104: checking build system type
configure:3118: result: x86_64-apple-darwin19.4.0
configure:3138: checking host system type
configure:3151: result: x86_64-apple-darwin19.4.0
configure:3192: checking how to print strings
configure:3219: result: printf
configure:3244: checking whether make supports the include directive
configure:3259: make -f confmf.GNU && cat confinc.out
this is the am__doit target
configure:3262: $? = 0
configure:3281: result: yes (GNU style)
configure:3351: checking for gcc
configure:3367: found /usr/bin/gcc
configure:3378: result: gcc
configure:3607: checking for C compiler version
configure:3616: gcc --version >&5
Apple clang version 11.0.0 (clang-1100.0.33.12)
Target: x86_64-apple-darwin19.4.0
Thread model: posix
InstalledDir: /Library/Developer/CommandLineTools/usr/bin
Configured with: --prefix=/Library/Developer/CommandLineTools/usr --with-gxx-include-dir=/Library/Developer/CommandLineTools/SDKs/MacOSX.sdk/usr/include/c++/4.2.1
configure:3627: $? = 0
configure:3616: gcc -v >&5
Configured with: --prefix=/Library/Developer/CommandLineTools/usr --with-gxx-include-dir=/Library/Developer/CommandLineTools/SDKs/MacOSX.sdk/usr/include/c++/4.2.1
Apple clang version 11.0.0 (clang-1100.0.33.12)
Target: x86_64-apple-darwin19.4.0
Thread model: posix
InstalledDir: /Library/Developer/CommandLineTools/usr/bin
configure:3627: $? = 0
configure:3616: gcc -V >&5
clang: error: unsupported option '-V -Wno-framework-include-private-from-public'
clang: error: no input files
configure:3627: $? = 1
configure:3616: gcc -qversion >&5
clang: error: unknown argument '-qversion', did you mean '--version'?
clang: error: no input files
configure:3627: $? = 1
configure:3647: checking whether the C compiler works
configure:3669: gcc  -I/usr/local/opt/openssl//include  -L/usr/local/opt/openssl//lib  conftest.c  >&5
configure:3673: $? = 0
configure:3721: result: yes
configure:3724: checking for C compiler default output file name
configure:3726: result: a.out
configure:3732: checking for suffix of executables
configure:3739: gcc -o conftest  -I/usr/local/opt/openssl//include  -L/usr/local/opt/openssl//lib  conftest.c  >&5
configure:3743: $? = 0
configure:3765: result: 
configure:3787: checking whether we are cross compiling
configure:3795: gcc -o conftest  -I/usr/local/opt/openssl//include  -L/usr/local/opt/openssl//lib  conftest.c  >&5
configure:3799: $? = 0
configure:3806: ./conftest
configure:3810: $? = 0
configure:3825: result: no
configure:3830: checking for suffix of object files
configure:3852: gcc -c  -I/usr/local/opt/openssl//include  conftest.c >&5
configure:3856: $? = 0
configure:3877: result: o
configure:3881: checking whether we are using the GNU C compiler
configure:3900: gcc -c  -I/usr/local/opt/openssl//include  conftest.c >&5
configure:3900: $? = 0
configure:3909: result: yes
configure:3918: checking whether gcc accepts -g
configure:3938: gcc -c -g -I/usr/local/opt/openssl//include  conftest.c >&5
configure:3938: $? = 0
configure:3979: result: yes
configure:3996: checking for gcc option to accept ISO C89
configure:4059: gcc  -c -g -O2 -I/usr/local/opt/openssl//include  conftest.c >&5
configure:4059: $? = 0
configure:4072: result: none needed
configure:4097: checking whether gcc understands -c and -o together
configure:4119: gcc -c conftest.c -o conftest2.o
configure:4122: $? = 0
configure:4119: gcc -c conftest.c -o conftest2.o
configure:4122: $? = 0
configure:4134: result: yes
configure:4153: checking dependency style of gcc
configure:4264: result: gcc3
configure:4279: checking for a sed that does not truncate output
configure:4343: result: /usr/bin/sed
configure:4361: checking for grep that handles long lines and -e
configure:4419: result: /usr/bin/grep
configure:4424: checking for egrep
configure:4486: result: /usr/bin/grep -E
configure:4491: checking for fgrep
configure:4553: result: /usr/bin/grep -F
configure:4588: checking for ld used by gcc
configure:4655: result: /Library/Developer/CommandLineTools/usr/bin/ld
configure:4662: checking if the linker (/Library/Developer/CommandLineTools/usr/bin/ld) is GNU ld
configure:4677: result: no
configure:4689: checking for BSD- or MS-compatible name lister (nm)
configure:4743: result: /usr/bin/nm -B
configure:4873: checking the name lister (/usr/bin/nm -B) interface
configure:4880: gcc -c -g -O2 -I/usr/local/opt/openssl//include  conftest.c >&5
configure:4883: /usr/bin/nm -B "conftest.o"
configure:4886: output
0000000000000214 S _some_variable
configure:4893: result: BSD nm
configure:4896: checking whether ln -s works
configure:4900: result: yes
configure:4908: checking the maximum length of command line arguments
configure:5039: result: 196608
configure:5087: checking how to convert x86_64-apple-darwin19.4.0 file names to x86_64-apple-darwin19.4.0 format
configure:5127: result: func_convert_file_noop
configure:5134: checking how to convert x86_64-apple-darwin19.4.0 file names to toolchain format
configure:5154: result: func_convert_file_noop
configure:5161: checking for /Library/Developer/CommandLineTools/usr/bin/ld option to reload object files
configure:5168: result: -r
configure:5242: checking for objdump
configure:5258: found /usr/bin/objdump
configure:5269: result: objdump
configure:5301: checking how to recognize dependent libraries
configure:5501: result: pass_all
configure:5586: checking for dlltool
configure:5616: result: no
configure:5646: checking how to associate runtime and link libraries
configure:5673: result: printf %s\n
configure:5734: checking for ar
configure:5750: found /usr/bin/ar
configure:5761: result: ar
configure:5798: checking for archiver @FILE support
configure:5815: gcc -c -g -O2 -I/usr/local/opt/openssl//include  conftest.c >&5
configure:5815: $? = 0
configure:5818: ar cru libconftest.a @conftest.lst >&5
ar: @conftest.lst: No such file or directory
configure:5821: $? = 1
configure:5841: result: no
configure:5899: checking for strip
configure:5915: found /usr/bin/strip
configure:5926: result: strip
configure:5998: checking for ranlib
configure:6014: found /usr/bin/ranlib
configure:6025: result: ranlib
configure:6127: checking command to parse /usr/bin/nm -B output from gcc object
configure:6280: gcc -c -g -O2 -I/usr/local/opt/openssl//include  conftest.c >&5
configure:6283: $? = 0
configure:6287: /usr/bin/nm -B conftest.o \| sed -n -e 's/^.*[ ]\([BCDEGRST][BCDEGRST]*\)[ ][ ]*\([_A-Za-z][_A-Za-z0-9]*\)$/\1 \2 \2/p' | sed '/ __gnu_lto/d' \> conftest.nm
configure:6290: $? = 0
cannot find nm_test_var in conftest.nm
configure:6280: gcc -c -g -O2 -I/usr/local/opt/openssl//include  conftest.c >&5
configure:6283: $? = 0
configure:6287: /usr/bin/nm -B conftest.o \| sed -n -e 's/^.*[ ]\([BCDEGRST][BCDEGRST]*\)[ ][ ]*_\([_A-Za-z][_A-Za-z0-9]*\)$/\1 _\2 \2/p' | sed '/ __gnu_lto/d' \> conftest.nm
configure:6290: $? = 0
configure:6356: gcc -o conftest -g -O2 -I/usr/local/opt/openssl//include  -L/usr/local/opt/openssl//lib  conftest.c conftstm.o >&5
warning: (x86_64)  could not find object file symbol for symbol _main
configure:6359: $? = 0
configure:6397: result: ok
configure:6444: checking for sysroot
configure:6474: result: no
configure:6481: checking for a working dd
configure:6519: result: /bin/dd
configure:6523: checking how to truncate binary pipes
configure:6538: result: /bin/dd bs=4096 count=1
configure:6867: checking for mt
configure:6897: result: no
configure:6917: checking if : is a manifest tool
configure:6923: : '-?'
configure:6931: result: no
configure:6987: checking for dsymutil
configure:7003: found /usr/bin/dsymutil
configure:7014: result: dsymutil
configure:7079: checking for nmedit
configure:7095: found /usr/bin/nmedit
configure:7106: result: nmedit
configure:7171: checking for lipo
configure:7187: found /usr/bin/lipo
configure:7198: result: lipo
configure:7263: checking for otool
configure:7279: found /usr/bin/otool
configure:7290: result: otool
configure:7355: checking for otool64
configure:7385: result: no
configure:7430: checking for -single_module linker flag
gcc -g -O2 -L/usr/local/opt/openssl//lib  -o libconftest.dylib -dynamiclib -Wl,-single_module conftest.c
configure:7463: result: yes
configure:7466: checking for -exported_symbols_list linker flag
configure:7486: gcc -o conftest -g -O2 -I/usr/local/opt/openssl//include  -L/usr/local/opt/openssl//lib  -Wl,-exported_symbols_list,conftest.sym conftest.c  >&5
configure:7486: $? = 0
configure:7496: result: yes
configure:7499: checking for -force_load linker flag
gcc -g -O2 -c -o conftest.o conftest.c
ar cru libconftest.a conftest.o
ranlib libconftest.a
gcc -g -O2 -L/usr/local/opt/openssl//lib  -o conftest conftest.c -Wl,-force_load,./libconftest.a
configure:7531: result: yes
configure:7608: checking how to run the C preprocessor
configure:7639: gcc -E -I/usr/local/opt/openssl//include  conftest.c
configure:7639: $? = 0
configure:7653: gcc -E -I/usr/local/opt/openssl//include  conftest.c
conftest.c:15:10: fatal error: 'ac_nonexistent.h' file not found
#include <ac_nonexistent.h>
         ^~~~~~~~~~~~~~~~~~
1 error generated.
configure:7653: $? = 1
configure: failed program was:
| /* confdefs.h */
| #define PACKAGE_NAME "libneo4j-client"
| #define PACKAGE_TARNAME "libneo4j-client"
| #define PACKAGE_VERSION "2.2.0"
| #define PACKAGE_STRING "libneo4j-client 2.2.0"
| #define PACKAGE_BUGREPORT ""
| #define PACKAGE_URL ""
| #define PACKAGE "libneo4j-client"
| #define VERSION "2.2.0"
| #define PACKAGE_MAJOR_VERSION 2
| #define PACKAGE_MINOR_VERSION 2
| #define PACKAGE_PATCH_VERSION 0
| #define PACKAGE_DEVELOPMENT_VERSION ""
| /* end confdefs.h.  */
| #include <ac_nonexistent.h>
configure:7678: result: gcc -E
configure:7698: gcc -E -I/usr/local/opt/openssl//include  conftest.c
configure:7698: $? = 0
configure:7712: gcc -E -I/usr/local/opt/openssl//include  conftest.c
conftest.c:15:10: fatal error: 'ac_nonexistent.h' file not found
#include <ac_nonexistent.h>
         ^~~~~~~~~~~~~~~~~~
1 error generated.
configure:7712: $? = 1
configure: failed program was:
| /* confdefs.h */
| #define PACKAGE_NAME "libneo4j-client"
| #define PACKAGE_TARNAME "libneo4j-client"
| #define PACKAGE_VERSION "2.2.0"
| #define PACKAGE_STRING "libneo4j-client 2.2.0"
| #define PACKAGE_BUGREPORT ""
| #define PACKAGE_URL ""
| #define PACKAGE "libneo4j-client"
| #define VERSION "2.2.0"
| #define PACKAGE_MAJOR_VERSION 2
| #define PACKAGE_MINOR_VERSION 2
| #define PACKAGE_PATCH_VERSION 0
| #define PACKAGE_DEVELOPMENT_VERSION ""
| /* end confdefs.h.  */
| #include <ac_nonexistent.h>
configure:7741: checking for ANSI C header files
configure:7761: gcc -c -g -O2 -I/usr/local/opt/openssl//include  conftest.c >&5
configure:7761: $? = 0
configure:7834: gcc -o conftest -g -O2 -I/usr/local/opt/openssl//include  -L/usr/local/opt/openssl//lib  conftest.c  >&5
configure:7834: $? = 0
configure:7834: ./conftest
configure:7834: $? = 0
configure:7845: result: yes
configure:7858: checking for sys/types.h
configure:7858: gcc -c -g -O2 -I/usr/local/opt/openssl//include  conftest.c >&5
configure:7858: $? = 0
configure:7858: result: yes
configure:7858: checking for sys/stat.h
configure:7858: gcc -c -g -O2 -I/usr/local/opt/openssl//include  conftest.c >&5
configure:7858: $? = 0
configure:7858: result: yes
configure:7858: checking for stdlib.h
configure:7858: gcc -c -g -O2 -I/usr/local/opt/openssl//include  conftest.c >&5
configure:7858: $? = 0
configure:7858: result: yes
configure:7858: checking for string.h
configure:7858: gcc -c -g -O2 -I/usr/local/opt/openssl//include  conftest.c >&5
configure:7858: $? = 0
configure:7858: result: yes
configure:7858: checking for memory.h
configure:7858: gcc -c -g -O2 -I/usr/local/opt/openssl//include  conftest.c >&5
configure:7858: $? = 0
configure:7858: result: yes
configure:7858: checking for strings.h
configure:7858: gcc -c -g -O2 -I/usr/local/opt/openssl//include  conftest.c >&5
configure:7858: $? = 0
configure:7858: result: yes
configure:7858: checking for inttypes.h
configure:7858: gcc -c -g -O2 -I/usr/local/opt/openssl//include  conftest.c >&5
configure:7858: $? = 0
configure:7858: result: yes
configure:7858: checking for stdint.h
configure:7858: gcc -c -g -O2 -I/usr/local/opt/openssl//include  conftest.c >&5
configure:7858: $? = 0
configure:7858: result: yes
configure:7858: checking for unistd.h
configure:7858: gcc -c -g -O2 -I/usr/local/opt/openssl//include  conftest.c >&5
configure:7858: $? = 0
configure:7858: result: yes
configure:7872: checking for dlfcn.h
configure:7872: gcc -c -g -O2 -I/usr/local/opt/openssl//include  conftest.c >&5
configure:7872: $? = 0
configure:7872: result: yes
configure:8128: checking for objdir
configure:8143: result: .libs
configure:8407: checking if gcc supports -fno-rtti -fno-exceptions
configure:8425: gcc -c -g -O2 -I/usr/local/opt/openssl//include  -fno-rtti -fno-exceptions conftest.c >&5
configure:8429: $? = 0
configure:8442: result: yes
configure:8800: checking for gcc option to produce PIC
configure:8807: result: -fno-common -DPIC
configure:8815: checking if gcc PIC flag -fno-common -DPIC works
configure:8833: gcc -c -g -O2 -I/usr/local/opt/openssl//include  -fno-common -DPIC -DPIC conftest.c >&5
configure:8837: $? = 0
configure:8850: result: yes
configure:8879: checking if gcc static flag -static works
configure:8907: result: no
configure:8922: checking if gcc supports -c -o file.o
configure:8943: gcc -c -g -O2 -I/usr/local/opt/openssl//include  -o out/conftest2.o conftest.c >&5
configure:8947: $? = 0
configure:8969: result: yes
configure:8977: checking if gcc supports -c -o file.o
configure:9024: result: yes
configure:9057: checking whether the gcc linker (/Library/Developer/CommandLineTools/usr/bin/ld) supports shared libraries
configure:10316: result: yes
configure:10556: checking dynamic linker characteristics
configure:11374: result: darwin19.4.0 dyld
configure:11496: checking how to hardcode library paths into programs
configure:11521: result: immediate
configure:12069: checking whether stripping libraries is possible
configure:12083: result: yes
configure:12109: checking if libtool supports shared libraries
configure:12111: result: yes
configure:12114: checking whether to build shared libraries
configure:12139: result: yes
configure:12142: checking whether to build static libraries
configure:12146: result: yes
configure:12237: checking for gcc
configure:12264: result: gcc
configure:12493: checking for C compiler version
configure:12502: gcc --version >&5
Apple clang version 11.0.0 (clang-1100.0.33.12)
Target: x86_64-apple-darwin19.4.0
Thread model: posix
InstalledDir: /Library/Developer/CommandLineTools/usr/bin
Configured with: --prefix=/Library/Developer/CommandLineTools/usr --with-gxx-include-dir=/Library/Developer/CommandLineTools/SDKs/MacOSX.sdk/usr/include/c++/4.2.1
configure:12513: $? = 0
configure:12502: gcc -v >&5
Configured with: --prefix=/Library/Developer/CommandLineTools/usr --with-gxx-include-dir=/Library/Developer/CommandLineTools/SDKs/MacOSX.sdk/usr/include/c++/4.2.1
Apple clang version 11.0.0 (clang-1100.0.33.12)
Target: x86_64-apple-darwin19.4.0
Thread model: posix
InstalledDir: /Library/Developer/CommandLineTools/usr/bin
configure:12513: $? = 0
configure:12502: gcc -V >&5
clang: error: unsupported option '-V -Wno-framework-include-private-from-public'
clang: error: no input files
configure:12513: $? = 1
configure:12502: gcc -qversion >&5
clang: error: unknown argument '-qversion', did you mean '--version'?
clang: error: no input files
configure:12513: $? = 1
configure:12517: checking whether we are using the GNU C compiler
configure:12545: result: yes
configure:12554: checking whether gcc accepts -g
configure:12615: result: yes
configure:12632: checking for gcc option to accept ISO C89
configure:12708: result: none needed
configure:12733: checking whether gcc understands -c and -o together
configure:12770: result: yes
configure:12789: checking dependency style of gcc
configure:12900: result: gcc3
configure:12915: checking for the C option to accept ISO C11
configure:12934: gcc -c -g -O2 -std=gnu11 -I/usr/local/opt/openssl//include  conftest.c >&5
configure:12934: $? = 0
configure:12960: result: -std=gnu11
configure:12972: checking how to run the C preprocessor
configure:13042: result: gcc -E
configure:13062: gcc -E -I/usr/local/opt/openssl//include  conftest.c
configure:13062: $? = 0
configure:13076: gcc -E -I/usr/local/opt/openssl//include  conftest.c
conftest.c:27:10: fatal error: 'ac_nonexistent.h' file not found
#include <ac_nonexistent.h>
         ^~~~~~~~~~~~~~~~~~
1 error generated.
configure:13076: $? = 1
configure: failed program was:
| /* confdefs.h */
| #define PACKAGE_NAME "libneo4j-client"
| #define PACKAGE_TARNAME "libneo4j-client"
| #define PACKAGE_VERSION "2.2.0"
| #define PACKAGE_STRING "libneo4j-client 2.2.0"
| #define PACKAGE_BUGREPORT ""
| #define PACKAGE_URL ""
| #define PACKAGE "libneo4j-client"
| #define VERSION "2.2.0"
| #define PACKAGE_MAJOR_VERSION 2
| #define PACKAGE_MINOR_VERSION 2
| #define PACKAGE_PATCH_VERSION 0
| #define PACKAGE_DEVELOPMENT_VERSION ""
| #define STDC_HEADERS 1
| #define HAVE_SYS_TYPES_H 1
| #define HAVE_SYS_STAT_H 1
| #define HAVE_STDLIB_H 1
| #define HAVE_STRING_H 1
| #define HAVE_MEMORY_H 1
| #define HAVE_STRINGS_H 1
| #define HAVE_INTTYPES_H 1
| #define HAVE_STDINT_H 1
| #define HAVE_UNISTD_H 1
| #define HAVE_DLFCN_H 1
| #define LT_OBJDIR ".libs/"
| /* end confdefs.h.  */
| #include <ac_nonexistent.h>
configure:13105: checking whether ln -s works
configure:13109: result: yes
configure:13116: checking whether make sets $(MAKE)
configure:13138: result: yes
configure:13148: checking for an ANSI C-conforming const
configure:13214: gcc -c -g -O2 -std=gnu11 -I/usr/local/opt/openssl//include  conftest.c >&5
configure:13214: $? = 0
configure:13221: result: yes
configure:13229: checking for inline
configure:13245: gcc -c -g -O2 -std=gnu11 -I/usr/local/opt/openssl//include  conftest.c >&5
configure:13245: $? = 0
configure:13253: result: inline
configure:13271: checking whether byte ordering is bigendian
configure:13286: gcc -c -g -O2 -std=gnu11 -I/usr/local/opt/openssl//include  conftest.c >&5
configure:13286: $? = 0
configure:13331: gcc -c -g -O2 -std=gnu11 -I/usr/local/opt/openssl//include  conftest.c >&5
configure:13331: $? = 0
configure:13349: gcc -c -g -O2 -std=gnu11 -I/usr/local/opt/openssl//include  conftest.c >&5
conftest.c:34:4: error: use of undeclared identifier 'not'
                 not big endian
                 ^
1 error generated.
configure:13349: $? = 1
configure: failed program was:
| /* confdefs.h */
| #define PACKAGE_NAME "libneo4j-client"
| #define PACKAGE_TARNAME "libneo4j-client"
| #define PACKAGE_VERSION "2.2.0"
| #define PACKAGE_STRING "libneo4j-client 2.2.0"
| #define PACKAGE_BUGREPORT ""
| #define PACKAGE_URL ""
| #define PACKAGE "libneo4j-client"
| #define VERSION "2.2.0"
| #define PACKAGE_MAJOR_VERSION 2
| #define PACKAGE_MINOR_VERSION 2
| #define PACKAGE_PATCH_VERSION 0
| #define PACKAGE_DEVELOPMENT_VERSION ""
| #define STDC_HEADERS 1
| #define HAVE_SYS_TYPES_H 1
| #define HAVE_SYS_STAT_H 1
| #define HAVE_STDLIB_H 1
| #define HAVE_STRING_H 1
| #define HAVE_MEMORY_H 1
| #define HAVE_STRINGS_H 1
| #define HAVE_INTTYPES_H 1
| #define HAVE_STDINT_H 1
| #define HAVE_UNISTD_H 1
| #define HAVE_DLFCN_H 1
| #define LT_OBJDIR ".libs/"
| /* end confdefs.h.  */
| #include <sys/types.h>
| 		#include <sys/param.h>
| 
| int
| main ()
| {
| #if BYTE_ORDER != BIG_ENDIAN
| 		 not big endian
| 		#endif
| 
|   ;
|   return 0;
| }
configure:13477: result: no
configure:13496: checking for variable-length arrays
configure:13512: gcc -c -g -O2 -std=gnu11 -I/usr/local/opt/openssl//include  conftest.c >&5
configure:13512: $? = 0
configure:13519: result: yes
configure:13533: checking whether to enable assertions
configure:13551: result: yes
configure:13554: checking for ANSI C header files
configure:13658: result: yes
configure:13666: checking for stdbool.h that conforms to C99
configure:13733: gcc -c -g -O2 -std=gnu11 -I/usr/local/opt/openssl//include  conftest.c >&5
conftest.c:78:24: warning: address of 's' will always evaluate to 'true' [-Wpointer-bool-conversion]
             bool e = &s;
                  ~    ^
conftest.c:82:23: warning: address of array 'a' will always evaluate to 'true' [-Wpointer-bool-conversion]
             return (!a + !b + !c + !d + !e + !f + !g + !h + !i + !!j + !k + !!l
                     ~^
conftest.c:82:28: warning: address of array 'b' will always evaluate to 'true' [-Wpointer-bool-conversion]
             return (!a + !b + !c + !d + !e + !f + !g + !h + !i + !!j + !k + !!l
                          ~^
conftest.c:82:33: warning: address of array 'c' will always evaluate to 'true' [-Wpointer-bool-conversion]
             return (!a + !b + !c + !d + !e + !f + !g + !h + !i + !!j + !k + !!l
                               ~^
conftest.c:82:38: warning: address of array 'd' will always evaluate to 'true' [-Wpointer-bool-conversion]
             return (!a + !b + !c + !d + !e + !f + !g + !h + !i + !!j + !k + !!l
                                    ~^
conftest.c:82:48: warning: address of array 'f' will always evaluate to 'true' [-Wpointer-bool-conversion]
             return (!a + !b + !c + !d + !e + !f + !g + !h + !i + !!j + !k + !!l
                                              ~^
conftest.c:82:53: warning: address of array 'g' will always evaluate to 'true' [-Wpointer-bool-conversion]
             return (!a + !b + !c + !d + !e + !f + !g + !h + !i + !!j + !k + !!l
                                                   ~^
conftest.c:82:58: warning: address of array 'h' will always evaluate to 'true' [-Wpointer-bool-conversion]
             return (!a + !b + !c + !d + !e + !f + !g + !h + !i + !!j + !k + !!l
                                                        ~^
conftest.c:82:63: warning: address of array 'i' will always evaluate to 'true' [-Wpointer-bool-conversion]
             return (!a + !b + !c + !d + !e + !f + !g + !h + !i + !!j + !k + !!l
                                                             ~^
conftest.c:83:30: warning: address of array 'n' will always evaluate to 'true' [-Wpointer-bool-conversion]
                            ~^
conftest.c:83:35: warning: address of array 'o' will always evaluate to 'true' [-Wpointer-bool-conversion]
                                 ~^
conftest.c:83:40: warning: address of array 'p' will always evaluate to 'true' [-Wpointer-bool-conversion]
                                      ~^
12 warnings generated.
configure:13733: $? = 0
configure:13740: result: yes
configure:13742: checking for _Bool
configure:13742: gcc -c -g -O2 -std=gnu11 -I/usr/local/opt/openssl//include  conftest.c >&5
configure:13742: $? = 0
configure:13742: gcc -c -g -O2 -std=gnu11 -I/usr/local/opt/openssl//include  conftest.c >&5
conftest.c:65:20: error: expected expression
if (sizeof ((_Bool)))
                   ^
1 error generated.
configure:13742: $? = 1
configure: failed program was:
| /* confdefs.h */
| #define PACKAGE_NAME "libneo4j-client"
| #define PACKAGE_TARNAME "libneo4j-client"
| #define PACKAGE_VERSION "2.2.0"
| #define PACKAGE_STRING "libneo4j-client 2.2.0"
| #define PACKAGE_BUGREPORT ""
| #define PACKAGE_URL ""
| #define PACKAGE "libneo4j-client"
| #define VERSION "2.2.0"
| #define PACKAGE_MAJOR_VERSION 2
| #define PACKAGE_MINOR_VERSION 2
| #define PACKAGE_PATCH_VERSION 0
| #define PACKAGE_DEVELOPMENT_VERSION ""
| #define STDC_HEADERS 1
| #define HAVE_SYS_TYPES_H 1
| #define HAVE_SYS_STAT_H 1
| #define HAVE_STDLIB_H 1
| #define HAVE_STRING_H 1
| #define HAVE_MEMORY_H 1
| #define HAVE_STRINGS_H 1
| #define HAVE_INTTYPES_H 1
| #define HAVE_STDINT_H 1
| #define HAVE_UNISTD_H 1
| #define HAVE_DLFCN_H 1
| #define LT_OBJDIR ".libs/"
| #define HAVE_C_VARARRAYS 1
| #define STDC_HEADERS 1
| /* end confdefs.h.  */
| #include <stdio.h>
| #ifdef HAVE_SYS_TYPES_H
| # include <sys/types.h>
| #endif
| #ifdef HAVE_SYS_STAT_H
| # include <sys/stat.h>
| #endif
| #ifdef STDC_HEADERS
| # include <stdlib.h>
| # include <stddef.h>
| #else
| # ifdef HAVE_STDLIB_H
| #  include <stdlib.h>
| # endif
| #endif
| #ifdef HAVE_STRING_H
| # if !defined STDC_HEADERS && defined HAVE_MEMORY_H
| #  include <memory.h>
| # endif
| # include <string.h>
| #endif
| #ifdef HAVE_STRINGS_H
| # include <strings.h>
| #endif
| #ifdef HAVE_INTTYPES_H
| # include <inttypes.h>
| #endif
| #ifdef HAVE_STDINT_H
| # include <stdint.h>
| #endif
| #ifdef HAVE_UNISTD_H
| # include <unistd.h>
| #endif
| int
| main ()
| {
| if (sizeof ((_Bool)))
| 	    return 0;
|   ;
|   return 0;
| }
configure:13742: result: yes
configure:13762: checking endian.h usability
configure:13762: gcc -c -g -O2 -std=gnu11 -I/usr/local/opt/openssl//include  conftest.c >&5
conftest.c:64:10: fatal error: 'endian.h' file not found
#include <endian.h>
         ^~~~~~~~~~
1 error generated.
configure:13762: $? = 1
configure: failed program was:
| /* confdefs.h */
| #define PACKAGE_NAME "libneo4j-client"
| #define PACKAGE_TARNAME "libneo4j-client"
| #define PACKAGE_VERSION "2.2.0"
| #define PACKAGE_STRING "libneo4j-client 2.2.0"
| #define PACKAGE_BUGREPORT ""
| #define PACKAGE_URL ""
| #define PACKAGE "libneo4j-client"
| #define VERSION "2.2.0"
| #define PACKAGE_MAJOR_VERSION 2
| #define PACKAGE_MINOR_VERSION 2
| #define PACKAGE_PATCH_VERSION 0
| #define PACKAGE_DEVELOPMENT_VERSION ""
| #define STDC_HEADERS 1
| #define HAVE_SYS_TYPES_H 1
| #define HAVE_SYS_STAT_H 1
| #define HAVE_STDLIB_H 1
| #define HAVE_STRING_H 1
| #define HAVE_MEMORY_H 1
| #define HAVE_STRINGS_H 1
| #define HAVE_INTTYPES_H 1
| #define HAVE_STDINT_H 1
| #define HAVE_UNISTD_H 1
| #define HAVE_DLFCN_H 1
| #define LT_OBJDIR ".libs/"
| #define HAVE_C_VARARRAYS 1
| #define STDC_HEADERS 1
| #define HAVE__BOOL 1
| #define HAVE_STDBOOL_H 1
| /* end confdefs.h.  */
| #include <stdio.h>
| #ifdef HAVE_SYS_TYPES_H
| # include <sys/types.h>
| #endif
| #ifdef HAVE_SYS_STAT_H
| # include <sys/stat.h>
| #endif
| #ifdef STDC_HEADERS
| # include <stdlib.h>
| # include <stddef.h>
| #else
| # ifdef HAVE_STDLIB_H
| #  include <stdlib.h>
| # endif
| #endif
| #ifdef HAVE_STRING_H
| # if !defined STDC_HEADERS && defined HAVE_MEMORY_H
| #  include <memory.h>
| # endif
| # include <string.h>
| #endif
| #ifdef HAVE_STRINGS_H
| # include <strings.h>
| #endif
| #ifdef HAVE_INTTYPES_H
| # include <inttypes.h>
| #endif
| #ifdef HAVE_STDINT_H
| # include <stdint.h>
| #endif
| #ifdef HAVE_UNISTD_H
| # include <unistd.h>
| #endif
| #include <endian.h>
configure:13762: result: no
configure:13762: checking endian.h presence
configure:13762: gcc -E -I/usr/local/opt/openssl//include  conftest.c
conftest.c:31:10: fatal error: 'endian.h' file not found
#include <endian.h>
         ^~~~~~~~~~
1 error generated.
configure:13762: $? = 1
configure: failed program was:
| /* confdefs.h */
| #define PACKAGE_NAME "libneo4j-client"
| #define PACKAGE_TARNAME "libneo4j-client"
| #define PACKAGE_VERSION "2.2.0"
| #define PACKAGE_STRING "libneo4j-client 2.2.0"
| #define PACKAGE_BUGREPORT ""
| #define PACKAGE_URL ""
| #define PACKAGE "libneo4j-client"
| #define VERSION "2.2.0"
| #define PACKAGE_MAJOR_VERSION 2
| #define PACKAGE_MINOR_VERSION 2
| #define PACKAGE_PATCH_VERSION 0
| #define PACKAGE_DEVELOPMENT_VERSION ""
| #define STDC_HEADERS 1
| #define HAVE_SYS_TYPES_H 1
| #define HAVE_SYS_STAT_H 1
| #define HAVE_STDLIB_H 1
| #define HAVE_STRING_H 1
| #define HAVE_MEMORY_H 1
| #define HAVE_STRINGS_H 1
| #define HAVE_INTTYPES_H 1
| #define HAVE_STDINT_H 1
| #define HAVE_UNISTD_H 1
| #define HAVE_DLFCN_H 1
| #define LT_OBJDIR ".libs/"
| #define HAVE_C_VARARRAYS 1
| #define STDC_HEADERS 1
| #define HAVE__BOOL 1
| #define HAVE_STDBOOL_H 1
| /* end confdefs.h.  */
| #include <endian.h>
configure:13762: result: no
configure:13762: checking for endian.h
configure:13762: result: no
configure:13762: checking sys/endian.h usability
configure:13762: gcc -c -g -O2 -std=gnu11 -I/usr/local/opt/openssl//include  conftest.c >&5
conftest.c:64:10: fatal error: 'sys/endian.h' file not found
#include <sys/endian.h>
         ^~~~~~~~~~~~~~
1 error generated.
configure:13762: $? = 1
configure: failed program was:
| /* confdefs.h */
| #define PACKAGE_NAME "libneo4j-client"
| #define PACKAGE_TARNAME "libneo4j-client"
| #define PACKAGE_VERSION "2.2.0"
| #define PACKAGE_STRING "libneo4j-client 2.2.0"
| #define PACKAGE_BUGREPORT ""
| #define PACKAGE_URL ""
| #define PACKAGE "libneo4j-client"
| #define VERSION "2.2.0"
| #define PACKAGE_MAJOR_VERSION 2
| #define PACKAGE_MINOR_VERSION 2
| #define PACKAGE_PATCH_VERSION 0
| #define PACKAGE_DEVELOPMENT_VERSION ""
| #define STDC_HEADERS 1
| #define HAVE_SYS_TYPES_H 1
| #define HAVE_SYS_STAT_H 1
| #define HAVE_STDLIB_H 1
| #define HAVE_STRING_H 1
| #define HAVE_MEMORY_H 1
| #define HAVE_STRINGS_H 1
| #define HAVE_INTTYPES_H 1
| #define HAVE_STDINT_H 1
| #define HAVE_UNISTD_H 1
| #define HAVE_DLFCN_H 1
| #define LT_OBJDIR ".libs/"
| #define HAVE_C_VARARRAYS 1
| #define STDC_HEADERS 1
| #define HAVE__BOOL 1
| #define HAVE_STDBOOL_H 1
| /* end confdefs.h.  */
| #include <stdio.h>
| #ifdef HAVE_SYS_TYPES_H
| # include <sys/types.h>
| #endif
| #ifdef HAVE_SYS_STAT_H
| # include <sys/stat.h>
| #endif
| #ifdef STDC_HEADERS
| # include <stdlib.h>
| # include <stddef.h>
| #else
| # ifdef HAVE_STDLIB_H
| #  include <stdlib.h>
| # endif
| #endif
| #ifdef HAVE_STRING_H
| # if !defined STDC_HEADERS && defined HAVE_MEMORY_H
| #  include <memory.h>
| # endif
| # include <string.h>
| #endif
| #ifdef HAVE_STRINGS_H
| # include <strings.h>
| #endif
| #ifdef HAVE_INTTYPES_H
| # include <inttypes.h>
| #endif
| #ifdef HAVE_STDINT_H
| # include <stdint.h>
| #endif
| #ifdef HAVE_UNISTD_H
| # include <unistd.h>
| #endif
| #include <sys/endian.h>
configure:13762: result: no
configure:13762: checking sys/endian.h presence
configure:13762: gcc -E -I/usr/local/opt/openssl//include  conftest.c
conftest.c:31:10: fatal error: 'sys/endian.h' file not found
#include <sys/endian.h>
         ^~~~~~~~~~~~~~
1 error generated.
configure:13762: $? = 1
configure: failed program was:
| /* confdefs.h */
| #define PACKAGE_NAME "libneo4j-client"
| #define PACKAGE_TARNAME "libneo4j-client"
| #define PACKAGE_VERSION "2.2.0"
| #define PACKAGE_STRING "libneo4j-client 2.2.0"
| #define PACKAGE_BUGREPORT ""
| #define PACKAGE_URL ""
| #define PACKAGE "libneo4j-client"
| #define VERSION "2.2.0"
| #define PACKAGE_MAJOR_VERSION 2
| #define PACKAGE_MINOR_VERSION 2
| #define PACKAGE_PATCH_VERSION 0
| #define PACKAGE_DEVELOPMENT_VERSION ""
| #define STDC_HEADERS 1
| #define HAVE_SYS_TYPES_H 1
| #define HAVE_SYS_STAT_H 1
| #define HAVE_STDLIB_H 1
| #define HAVE_STRING_H 1
| #define HAVE_MEMORY_H 1
| #define HAVE_STRINGS_H 1
| #define HAVE_INTTYPES_H 1
| #define HAVE_STDINT_H 1
| #define HAVE_UNISTD_H 1
| #define HAVE_DLFCN_H 1
| #define LT_OBJDIR ".libs/"
| #define HAVE_C_VARARRAYS 1
| #define STDC_HEADERS 1
| #define HAVE__BOOL 1
| #define HAVE_STDBOOL_H 1
| /* end confdefs.h.  */
| #include <sys/endian.h>
configure:13762: result: no
configure:13762: checking for sys/endian.h
configure:13762: result: no
configure:13762: checking libkern/OSByteOrder.h usability
configure:13762: gcc -c -g -O2 -std=gnu11 -I/usr/local/opt/openssl//include  conftest.c >&5
configure:13762: $? = 0
configure:13762: result: yes
configure:13762: checking libkern/OSByteOrder.h presence
configure:13762: gcc -E -I/usr/local/opt/openssl//include  conftest.c
configure:13762: $? = 0
configure:13762: result: yes
configure:13762: checking for libkern/OSByteOrder.h
configure:13762: result: yes
configure:13774: checking stdatomic.h usability
configure:13774: gcc -c -g -O2 -std=gnu11 -I/usr/local/opt/openssl//include  conftest.c >&5
configure:13774: $? = 0
configure:13774: result: yes
configure:13774: checking stdatomic.h presence
configure:13774: gcc -E -I/usr/local/opt/openssl//include  conftest.c
configure:13774: $? = 0
configure:13774: result: yes
configure:13774: checking for stdatomic.h
configure:13774: result: yes
configure:13784: checking for size_t
configure:13784: gcc -c -g -O2 -std=gnu11 -I/usr/local/opt/openssl//include  conftest.c >&5
configure:13784: $? = 0
configure:13784: gcc -c -g -O2 -std=gnu11 -I/usr/local/opt/openssl//include  conftest.c >&5
conftest.c:69:21: error: expected expression
if (sizeof ((size_t)))
                    ^
1 error generated.
configure:13784: $? = 1
configure: failed program was:
| /* confdefs.h */
| #define PACKAGE_NAME "libneo4j-client"
| #define PACKAGE_TARNAME "libneo4j-client"
| #define PACKAGE_VERSION "2.2.0"
| #define PACKAGE_STRING "libneo4j-client 2.2.0"
| #define PACKAGE_BUGREPORT ""
| #define PACKAGE_URL ""
| #define PACKAGE "libneo4j-client"
| #define VERSION "2.2.0"
| #define PACKAGE_MAJOR_VERSION 2
| #define PACKAGE_MINOR_VERSION 2
| #define PACKAGE_PATCH_VERSION 0
| #define PACKAGE_DEVELOPMENT_VERSION ""
| #define STDC_HEADERS 1
| #define HAVE_SYS_TYPES_H 1
| #define HAVE_SYS_STAT_H 1
| #define HAVE_STDLIB_H 1
| #define HAVE_STRING_H 1
| #define HAVE_MEMORY_H 1
| #define HAVE_STRINGS_H 1
| #define HAVE_INTTYPES_H 1
| #define HAVE_STDINT_H 1
| #define HAVE_UNISTD_H 1
| #define HAVE_DLFCN_H 1
| #define LT_OBJDIR ".libs/"
| #define HAVE_C_VARARRAYS 1
| #define STDC_HEADERS 1
| #define HAVE__BOOL 1
| #define HAVE_STDBOOL_H 1
| #define HAVE_LIBKERN_OSBYTEORDER_H 1
| #define HAVE_STDATOMIC_H 1
| /* end confdefs.h.  */
| #include <stdio.h>
| #ifdef HAVE_SYS_TYPES_H
| # include <sys/types.h>
| #endif
| #ifdef HAVE_SYS_STAT_H
| # include <sys/stat.h>
| #endif
| #ifdef STDC_HEADERS
| # include <stdlib.h>
| # include <stddef.h>
| #else
| # ifdef HAVE_STDLIB_H
| #  include <stdlib.h>
| # endif
| #endif
| #ifdef HAVE_STRING_H
| # if !defined STDC_HEADERS && defined HAVE_MEMORY_H
| #  include <memory.h>
| # endif
| # include <string.h>
| #endif
| #ifdef HAVE_STRINGS_H
| # include <strings.h>
| #endif
| #ifdef HAVE_INTTYPES_H
| # include <inttypes.h>
| #endif
| #ifdef HAVE_STDINT_H
| # include <stdint.h>
| #endif
| #ifdef HAVE_UNISTD_H
| # include <unistd.h>
| #endif
| int
| main ()
| {
| if (sizeof ((size_t)))
| 	    return 0;
|   ;
|   return 0;
| }
configure:13784: result: yes
configure:13795: checking for ssize_t
configure:13795: gcc -c -g -O2 -std=gnu11 -I/usr/local/opt/openssl//include  conftest.c >&5
configure:13795: $? = 0
configure:13795: gcc -c -g -O2 -std=gnu11 -I/usr/local/opt/openssl//include  conftest.c >&5
conftest.c:69:22: error: expected expression
if (sizeof ((ssize_t)))
                     ^
1 error generated.
configure:13795: $? = 1
configure: failed program was:
| /* confdefs.h */
| #define PACKAGE_NAME "libneo4j-client"
| #define PACKAGE_TARNAME "libneo4j-client"
| #define PACKAGE_VERSION "2.2.0"
| #define PACKAGE_STRING "libneo4j-client 2.2.0"
| #define PACKAGE_BUGREPORT ""
| #define PACKAGE_URL ""
| #define PACKAGE "libneo4j-client"
| #define VERSION "2.2.0"
| #define PACKAGE_MAJOR_VERSION 2
| #define PACKAGE_MINOR_VERSION 2
| #define PACKAGE_PATCH_VERSION 0
| #define PACKAGE_DEVELOPMENT_VERSION ""
| #define STDC_HEADERS 1
| #define HAVE_SYS_TYPES_H 1
| #define HAVE_SYS_STAT_H 1
| #define HAVE_STDLIB_H 1
| #define HAVE_STRING_H 1
| #define HAVE_MEMORY_H 1
| #define HAVE_STRINGS_H 1
| #define HAVE_INTTYPES_H 1
| #define HAVE_STDINT_H 1
| #define HAVE_UNISTD_H 1
| #define HAVE_DLFCN_H 1
| #define LT_OBJDIR ".libs/"
| #define HAVE_C_VARARRAYS 1
| #define STDC_HEADERS 1
| #define HAVE__BOOL 1
| #define HAVE_STDBOOL_H 1
| #define HAVE_LIBKERN_OSBYTEORDER_H 1
| #define HAVE_STDATOMIC_H 1
| /* end confdefs.h.  */
| #include <stdio.h>
| #ifdef HAVE_SYS_TYPES_H
| # include <sys/types.h>
| #endif
| #ifdef HAVE_SYS_STAT_H
| # include <sys/stat.h>
| #endif
| #ifdef STDC_HEADERS
| # include <stdlib.h>
| # include <stddef.h>
| #else
| # ifdef HAVE_STDLIB_H
| #  include <stdlib.h>
| # endif
| #endif
| #ifdef HAVE_STRING_H
| # if !defined STDC_HEADERS && defined HAVE_MEMORY_H
| #  include <memory.h>
| # endif
| # include <string.h>
| #endif
| #ifdef HAVE_STRINGS_H
| # include <strings.h>
| #endif
| #ifdef HAVE_INTTYPES_H
| # include <inttypes.h>
| #endif
| #ifdef HAVE_STDINT_H
| # include <stdint.h>
| #endif
| #ifdef HAVE_UNISTD_H
| # include <unistd.h>
| #endif
| int
| main ()
| {
| if (sizeof ((ssize_t)))
| 	    return 0;
|   ;
|   return 0;
| }
configure:13795: result: yes
configure:13806: checking whether strerror_r is declared
configure:13806: gcc -c -g -O2 -std=gnu11 -I/usr/local/opt/openssl//include  conftest.c >&5
configure:13806: $? = 0
configure:13806: result: yes
configure:13819: checking for strerror_r
configure:13819: gcc -o conftest -g -O2 -std=gnu11 -I/usr/local/opt/openssl//include  -L/usr/local/opt/openssl//lib  conftest.c  >&5
configure:13819: $? = 0
configure:13819: result: yes
configure:13828: checking whether strerror_r returns char *
configure:13852: gcc -c -g -O2 -std=gnu11 -I/usr/local/opt/openssl//include  conftest.c >&5
conftest.c:73:13: error: indirection requires pointer operand ('int' invalid)
          char x = *strerror_r (0, buf, sizeof buf);
                   ^~~~~~~~~~~~~~~~~~~~~~~~~~~~~~~~
conftest.c:74:10: warning: incompatible integer to pointer conversion initializing 'char *' with an expression of type 'int' [-Wint-conversion]
          char *p = strerror_r (0, buf, sizeof buf);
                ^   ~~~~~~~~~~~~~~~~~~~~~~~~~~~~~~~
1 warning and 1 error generated.
configure:13852: $? = 1
configure: failed program was:
| /* confdefs.h */
| #define PACKAGE_NAME "libneo4j-client"
| #define PACKAGE_TARNAME "libneo4j-client"
| #define PACKAGE_VERSION "2.2.0"
| #define PACKAGE_STRING "libneo4j-client 2.2.0"
| #define PACKAGE_BUGREPORT ""
| #define PACKAGE_URL ""
| #define PACKAGE "libneo4j-client"
| #define VERSION "2.2.0"
| #define PACKAGE_MAJOR_VERSION 2
| #define PACKAGE_MINOR_VERSION 2
| #define PACKAGE_PATCH_VERSION 0
| #define PACKAGE_DEVELOPMENT_VERSION ""
| #define STDC_HEADERS 1
| #define HAVE_SYS_TYPES_H 1
| #define HAVE_SYS_STAT_H 1
| #define HAVE_STDLIB_H 1
| #define HAVE_STRING_H 1
| #define HAVE_MEMORY_H 1
| #define HAVE_STRINGS_H 1
| #define HAVE_INTTYPES_H 1
| #define HAVE_STDINT_H 1
| #define HAVE_UNISTD_H 1
| #define HAVE_DLFCN_H 1
| #define LT_OBJDIR ".libs/"
| #define HAVE_C_VARARRAYS 1
| #define STDC_HEADERS 1
| #define HAVE__BOOL 1
| #define HAVE_STDBOOL_H 1
| #define HAVE_LIBKERN_OSBYTEORDER_H 1
| #define HAVE_STDATOMIC_H 1
| #define HAVE_DECL_STRERROR_R 1
| #define HAVE_STRERROR_R 1
| /* end confdefs.h.  */
| #include <stdio.h>
| #ifdef HAVE_SYS_TYPES_H
| # include <sys/types.h>
| #endif
| #ifdef HAVE_SYS_STAT_H
| # include <sys/stat.h>
| #endif
| #ifdef STDC_HEADERS
| # include <stdlib.h>
| # include <stddef.h>
| #else
| # ifdef HAVE_STDLIB_H
| #  include <stdlib.h>
| # endif
| #endif
| #ifdef HAVE_STRING_H
| # if !defined STDC_HEADERS && defined HAVE_MEMORY_H
| #  include <memory.h>
| # endif
| # include <string.h>
| #endif
| #ifdef HAVE_STRINGS_H
| # include <strings.h>
| #endif
| #ifdef HAVE_INTTYPES_H
| # include <inttypes.h>
| #endif
| #ifdef HAVE_STDINT_H
| # include <stdint.h>
| #endif
| #ifdef HAVE_UNISTD_H
| # include <unistd.h>
| #endif
| int
| main ()
| {
| 
| 	  char buf[100];
| 	  char x = *strerror_r (0, buf, sizeof buf);
| 	  char *p = strerror_r (0, buf, sizeof buf);
| 	  return !p || x;
| 
|   ;
|   return 0;
| }
configure:13890: result: no
configure:13898: checking for static_assert
configure:13917: gcc -c -g -O2 -std=gnu11 -I/usr/local/opt/openssl//include  conftest.c >&5
configure:13917: $? = 0
configure:13924: result: yes
configure:14066: checking for nl_langinfo and CODESET
configure:14082: gcc -o conftest -g -O2 -std=gnu11 -I/usr/local/opt/openssl//include  -L/usr/local/opt/openssl//lib  conftest.c  >&5
configure:14082: $? = 0
configure:14091: result: yes
configure:14100: checking for socklen_t
configure:14100: gcc -c -g -O2 -std=gnu11 -I/usr/local/opt/openssl//include  conftest.c >&5
configure:14100: $? = 0
configure:14100: gcc -c -g -O2 -std=gnu11 -I/usr/local/opt/openssl//include  conftest.c >&5
conftest.c:44:24: error: expected expression
if (sizeof ((socklen_t)))
                       ^
1 error generated.
configure:14100: $? = 1
configure: failed program was:
| /* confdefs.h */
| #define PACKAGE_NAME "libneo4j-client"
| #define PACKAGE_TARNAME "libneo4j-client"
| #define PACKAGE_VERSION "2.2.0"
| #define PACKAGE_STRING "libneo4j-client 2.2.0"
| #define PACKAGE_BUGREPORT ""
| #define PACKAGE_URL ""
| #define PACKAGE "libneo4j-client"
| #define VERSION "2.2.0"
| #define PACKAGE_MAJOR_VERSION 2
| #define PACKAGE_MINOR_VERSION 2
| #define PACKAGE_PATCH_VERSION 0
| #define PACKAGE_DEVELOPMENT_VERSION ""
| #define STDC_HEADERS 1
| #define HAVE_SYS_TYPES_H 1
| #define HAVE_SYS_STAT_H 1
| #define HAVE_STDLIB_H 1
| #define HAVE_STRING_H 1
| #define HAVE_MEMORY_H 1
| #define HAVE_STRINGS_H 1
| #define HAVE_INTTYPES_H 1
| #define HAVE_STDINT_H 1
| #define HAVE_UNISTD_H 1
| #define HAVE_DLFCN_H 1
| #define LT_OBJDIR ".libs/"
| #define HAVE_C_VARARRAYS 1
| #define STDC_HEADERS 1
| #define HAVE__BOOL 1
| #define HAVE_STDBOOL_H 1
| #define HAVE_LIBKERN_OSBYTEORDER_H 1
| #define HAVE_STDATOMIC_H 1
| #define HAVE_DECL_STRERROR_R 1
| #define HAVE_STRERROR_R 1
| #define HAVE_LANGINFO_CODESET 1
| /* end confdefs.h.  */
| 
| #include <sys/types.h>
| #include <sys/socket.h>
| 
| 
| int
| main ()
| {
| if (sizeof ((socklen_t)))
| 	    return 0;
|   ;
|   return 0;
| }
configure:14100: result: yes
configure:14114: checking whether AI_ADDRCONFIG is declared
configure:14114: gcc -c -g -O2 -std=gnu11 -I/usr/local/opt/openssl//include  conftest.c >&5
configure:14114: $? = 0
configure:14114: result: yes
configure:14125: checking whether htonll is declared
configure:14125: gcc -c -g -O2 -std=gnu11 -I/usr/local/opt/openssl//include  conftest.c >&5
configure:14125: $? = 0
configure:14125: result: yes
configure:14132: checking whether ntohll is declared
configure:14132: gcc -c -g -O2 -std=gnu11 -I/usr/local/opt/openssl//include  conftest.c >&5
configure:14132: $? = 0
configure:14132: result: yes
configure:14140: checking whether htobe64 is declared
configure:14140: gcc -c -g -O2 -std=gnu11 -I/usr/local/opt/openssl//include  conftest.c >&5
conftest.c:55:10: error: use of undeclared identifier 'htobe64'
  (void) htobe64;
         ^
1 error generated.
configure:14140: $? = 1
configure: failed program was:
| /* confdefs.h */
| #define PACKAGE_NAME "libneo4j-client"
| #define PACKAGE_TARNAME "libneo4j-client"
| #define PACKAGE_VERSION "2.2.0"
| #define PACKAGE_STRING "libneo4j-client 2.2.0"
| #define PACKAGE_BUGREPORT ""
| #define PACKAGE_URL ""
| #define PACKAGE "libneo4j-client"
| #define VERSION "2.2.0"
| #define PACKAGE_MAJOR_VERSION 2
| #define PACKAGE_MINOR_VERSION 2
| #define PACKAGE_PATCH_VERSION 0
| #define PACKAGE_DEVELOPMENT_VERSION ""
| #define STDC_HEADERS 1
| #define HAVE_SYS_TYPES_H 1
| #define HAVE_SYS_STAT_H 1
| #define HAVE_STDLIB_H 1
| #define HAVE_STRING_H 1
| #define HAVE_MEMORY_H 1
| #define HAVE_STRINGS_H 1
| #define HAVE_INTTYPES_H 1
| #define HAVE_STDINT_H 1
| #define HAVE_UNISTD_H 1
| #define HAVE_DLFCN_H 1
| #define LT_OBJDIR ".libs/"
| #define HAVE_C_VARARRAYS 1
| #define STDC_HEADERS 1
| #define HAVE__BOOL 1
| #define HAVE_STDBOOL_H 1
| #define HAVE_LIBKERN_OSBYTEORDER_H 1
| #define HAVE_STDATOMIC_H 1
| #define HAVE_DECL_STRERROR_R 1
| #define HAVE_STRERROR_R 1
| #define HAVE_LANGINFO_CODESET 1
| #define HAVE_AI_ADDRCONFIG 1
| #define HAVE_HTONLL 1
| #define HAVE_NTOHLL 1
| /* end confdefs.h.  */
| 
| #ifdef HAVE_ENDIAN_H
| #include <endian.h>
| #endif
| #ifdef HAVE_SYS_ENDIAN_H
| #include <sys/endian.h>
| #endif
| 
| 
| int
| main ()
| {
| #ifndef htobe64
| #ifdef __cplusplus
|   (void) htobe64;
| #else
|   (void) htobe64;
| #endif
| #endif
| 
|   ;
|   return 0;
| }
configure:14140: result: no
configure:14155: checking whether be64toh is declared
configure:14155: gcc -c -g -O2 -std=gnu11 -I/usr/local/opt/openssl//include  conftest.c >&5
conftest.c:55:10: error: use of undeclared identifier 'be64toh'
  (void) be64toh;
         ^
1 error generated.
configure:14155: $? = 1
configure: failed program was:
| /* confdefs.h */
| #define PACKAGE_NAME "libneo4j-client"
| #define PACKAGE_TARNAME "libneo4j-client"
| #define PACKAGE_VERSION "2.2.0"
| #define PACKAGE_STRING "libneo4j-client 2.2.0"
| #define PACKAGE_BUGREPORT ""
| #define PACKAGE_URL ""
| #define PACKAGE "libneo4j-client"
| #define VERSION "2.2.0"
| #define PACKAGE_MAJOR_VERSION 2
| #define PACKAGE_MINOR_VERSION 2
| #define PACKAGE_PATCH_VERSION 0
| #define PACKAGE_DEVELOPMENT_VERSION ""
| #define STDC_HEADERS 1
| #define HAVE_SYS_TYPES_H 1
| #define HAVE_SYS_STAT_H 1
| #define HAVE_STDLIB_H 1
| #define HAVE_STRING_H 1
| #define HAVE_MEMORY_H 1
| #define HAVE_STRINGS_H 1
| #define HAVE_INTTYPES_H 1
| #define HAVE_STDINT_H 1
| #define HAVE_UNISTD_H 1
| #define HAVE_DLFCN_H 1
| #define LT_OBJDIR ".libs/"
| #define HAVE_C_VARARRAYS 1
| #define STDC_HEADERS 1
| #define HAVE__BOOL 1
| #define HAVE_STDBOOL_H 1
| #define HAVE_LIBKERN_OSBYTEORDER_H 1
| #define HAVE_STDATOMIC_H 1
| #define HAVE_DECL_STRERROR_R 1
| #define HAVE_STRERROR_R 1
| #define HAVE_LANGINFO_CODESET 1
| #define HAVE_AI_ADDRCONFIG 1
| #define HAVE_HTONLL 1
| #define HAVE_NTOHLL 1
| /* end confdefs.h.  */
| 
| #ifdef HAVE_ENDIAN_H
| #include <endian.h>
| #endif
| #ifdef HAVE_SYS_ENDIAN_H
| #include <sys/endian.h>
| #endif
| 
| 
| int
| main ()
| {
| #ifndef be64toh
| #ifdef __cplusplus
|   (void) be64toh;
| #else
|   (void) be64toh;
| #endif
| #endif
| 
|   ;
|   return 0;
| }
configure:14155: result: no
configure:14171: checking whether OSSwapHostToBigInt64 is declared
configure:14171: gcc -c -g -O2 -std=gnu11 -I/usr/local/opt/openssl//include  conftest.c >&5
configure:14171: $? = 0
configure:14171: result: yes
configure:14183: checking whether OSSwapBigToHostInt64 is declared
configure:14183: gcc -c -g -O2 -std=gnu11 -I/usr/local/opt/openssl//include  conftest.c >&5
configure:14183: $? = 0
configure:14183: result: yes
configure:14196: checking whether bswap_64 is declared
configure:14196: gcc -c -g -O2 -std=gnu11 -I/usr/local/opt/openssl//include  conftest.c >&5
conftest.c:81:10: error: use of undeclared identifier 'bswap_64'
  (void) bswap_64;
         ^
1 error generated.
configure:14196: $? = 1
configure: failed program was:
| /* confdefs.h */
| #define PACKAGE_NAME "libneo4j-client"
| #define PACKAGE_TARNAME "libneo4j-client"
| #define PACKAGE_VERSION "2.2.0"
| #define PACKAGE_STRING "libneo4j-client 2.2.0"
| #define PACKAGE_BUGREPORT ""
| #define PACKAGE_URL ""
| #define PACKAGE "libneo4j-client"
| #define VERSION "2.2.0"
| #define PACKAGE_MAJOR_VERSION 2
| #define PACKAGE_MINOR_VERSION 2
| #define PACKAGE_PATCH_VERSION 0
| #define PACKAGE_DEVELOPMENT_VERSION ""
| #define STDC_HEADERS 1
| #define HAVE_SYS_TYPES_H 1
| #define HAVE_SYS_STAT_H 1
| #define HAVE_STDLIB_H 1
| #define HAVE_STRING_H 1
| #define HAVE_MEMORY_H 1
| #define HAVE_STRINGS_H 1
| #define HAVE_INTTYPES_H 1
| #define HAVE_STDINT_H 1
| #define HAVE_UNISTD_H 1
| #define HAVE_DLFCN_H 1
| #define LT_OBJDIR ".libs/"
| #define HAVE_C_VARARRAYS 1
| #define STDC_HEADERS 1
| #define HAVE__BOOL 1
| #define HAVE_STDBOOL_H 1
| #define HAVE_LIBKERN_OSBYTEORDER_H 1
| #define HAVE_STDATOMIC_H 1
| #define HAVE_DECL_STRERROR_R 1
| #define HAVE_STRERROR_R 1
| #define HAVE_LANGINFO_CODESET 1
| #define HAVE_AI_ADDRCONFIG 1
| #define HAVE_HTONLL 1
| #define HAVE_NTOHLL 1
| #define HAVE_OSSWAPHOSTTOBIGINT64 1
| #define HAVE_OSSWAPBIGTOHOSTINT64 1
| /* end confdefs.h.  */
| #include <stdio.h>
| #ifdef HAVE_SYS_TYPES_H
| # include <sys/types.h>
| #endif
| #ifdef HAVE_SYS_STAT_H
| # include <sys/stat.h>
| #endif
| #ifdef STDC_HEADERS
| # include <stdlib.h>
| # include <stddef.h>
| #else
| # ifdef HAVE_STDLIB_H
| #  include <stdlib.h>
| # endif
| #endif
| #ifdef HAVE_STRING_H
| # if !defined STDC_HEADERS && defined HAVE_MEMORY_H
| #  include <memory.h>
| # endif
| # include <string.h>
| #endif
| #ifdef HAVE_STRINGS_H
| # include <strings.h>
| #endif
| #ifdef HAVE_INTTYPES_H
| # include <inttypes.h>
| #endif
| #ifdef HAVE_STDINT_H
| # include <stdint.h>
| #endif
| #ifdef HAVE_UNISTD_H
| # include <unistd.h>
| #endif
| int
| main ()
| {
| #ifndef bswap_64
| #ifdef __cplusplus
|   (void) bswap_64;
| #else
|   (void) bswap_64;
| #endif
| #endif
| 
|   ;
|   return 0;
| }
configure:14196: result: no
configure:14206: checking for mkstemp
configure:14206: gcc -o conftest -g -O2 -std=gnu11 -I/usr/local/opt/openssl//include  -L/usr/local/opt/openssl//lib  conftest.c  >&5
configure:14206: $? = 0
configure:14206: result: yes
configure:14219: checking for open_memstream
configure:14219: gcc -o conftest -g -O2 -std=gnu11 -I/usr/local/opt/openssl//include  -L/usr/local/opt/openssl//lib  conftest.c  >&5
configure:14219: $? = 0
configure:14219: result: yes
configure:14232: checking readpassphrase.h usability
configure:14232: gcc -c -g -O2 -std=gnu11 -I/usr/local/opt/openssl//include  conftest.c >&5
configure:14232: $? = 0
configure:14232: result: yes
configure:14232: checking readpassphrase.h presence
configure:14232: gcc -E -I/usr/local/opt/openssl//include  conftest.c
configure:14232: $? = 0
configure:14232: result: yes
configure:14232: checking for readpassphrase.h
configure:14232: result: yes
configure:14232: checking bsd/readpassphrase.h usability
configure:14232: gcc -c -g -O2 -std=gnu11 -I/usr/local/opt/openssl//include  conftest.c >&5
conftest.c:77:10: fatal error: 'bsd/readpassphrase.h' file not found
#include <bsd/readpassphrase.h>
         ^~~~~~~~~~~~~~~~~~~~~~
1 error generated.
configure:14232: $? = 1
configure: failed program was:
| /* confdefs.h */
| #define PACKAGE_NAME "libneo4j-client"
| #define PACKAGE_TARNAME "libneo4j-client"
| #define PACKAGE_VERSION "2.2.0"
| #define PACKAGE_STRING "libneo4j-client 2.2.0"
| #define PACKAGE_BUGREPORT ""
| #define PACKAGE_URL ""
| #define PACKAGE "libneo4j-client"
| #define VERSION "2.2.0"
| #define PACKAGE_MAJOR_VERSION 2
| #define PACKAGE_MINOR_VERSION 2
| #define PACKAGE_PATCH_VERSION 0
| #define PACKAGE_DEVELOPMENT_VERSION ""
| #define STDC_HEADERS 1
| #define HAVE_SYS_TYPES_H 1
| #define HAVE_SYS_STAT_H 1
| #define HAVE_STDLIB_H 1
| #define HAVE_STRING_H 1
| #define HAVE_MEMORY_H 1
| #define HAVE_STRINGS_H 1
| #define HAVE_INTTYPES_H 1
| #define HAVE_STDINT_H 1
| #define HAVE_UNISTD_H 1
| #define HAVE_DLFCN_H 1
| #define LT_OBJDIR ".libs/"
| #define HAVE_C_VARARRAYS 1
| #define STDC_HEADERS 1
| #define HAVE__BOOL 1
| #define HAVE_STDBOOL_H 1
| #define HAVE_LIBKERN_OSBYTEORDER_H 1
| #define HAVE_STDATOMIC_H 1
| #define HAVE_DECL_STRERROR_R 1
| #define HAVE_STRERROR_R 1
| #define HAVE_LANGINFO_CODESET 1
| #define HAVE_AI_ADDRCONFIG 1
| #define HAVE_HTONLL 1
| #define HAVE_NTOHLL 1
| #define HAVE_OSSWAPHOSTTOBIGINT64 1
| #define HAVE_OSSWAPBIGTOHOSTINT64 1
| #define HAVE_MKSTEMP 1
| #define HAVE_OPEN_MEMSTREAM 1
| #define HAVE_READPASSPHRASE_H 1
| /* end confdefs.h.  */
| #include <stdio.h>
| #ifdef HAVE_SYS_TYPES_H
| # include <sys/types.h>
| #endif
| #ifdef HAVE_SYS_STAT_H
| # include <sys/stat.h>
| #endif
| #ifdef STDC_HEADERS
| # include <stdlib.h>
| # include <stddef.h>
| #else
| # ifdef HAVE_STDLIB_H
| #  include <stdlib.h>
| # endif
| #endif
| #ifdef HAVE_STRING_H
| # if !defined STDC_HEADERS && defined HAVE_MEMORY_H
| #  include <memory.h>
| # endif
| # include <string.h>
| #endif
| #ifdef HAVE_STRINGS_H
| # include <strings.h>
| #endif
| #ifdef HAVE_INTTYPES_H
| # include <inttypes.h>
| #endif
| #ifdef HAVE_STDINT_H
| # include <stdint.h>
| #endif
| #ifdef HAVE_UNISTD_H
| # include <unistd.h>
| #endif
| #include <bsd/readpassphrase.h>
configure:14232: result: no
configure:14232: checking bsd/readpassphrase.h presence
configure:14232: gcc -E -I/usr/local/opt/openssl//include  conftest.c
conftest.c:44:10: fatal error: 'bsd/readpassphrase.h' file not found
#include <bsd/readpassphrase.h>
         ^~~~~~~~~~~~~~~~~~~~~~
1 error generated.
configure:14232: $? = 1
configure: failed program was:
| /* confdefs.h */
| #define PACKAGE_NAME "libneo4j-client"
| #define PACKAGE_TARNAME "libneo4j-client"
| #define PACKAGE_VERSION "2.2.0"
| #define PACKAGE_STRING "libneo4j-client 2.2.0"
| #define PACKAGE_BUGREPORT ""
| #define PACKAGE_URL ""
| #define PACKAGE "libneo4j-client"
| #define VERSION "2.2.0"
| #define PACKAGE_MAJOR_VERSION 2
| #define PACKAGE_MINOR_VERSION 2
| #define PACKAGE_PATCH_VERSION 0
| #define PACKAGE_DEVELOPMENT_VERSION ""
| #define STDC_HEADERS 1
| #define HAVE_SYS_TYPES_H 1
| #define HAVE_SYS_STAT_H 1
| #define HAVE_STDLIB_H 1
| #define HAVE_STRING_H 1
| #define HAVE_MEMORY_H 1
| #define HAVE_STRINGS_H 1
| #define HAVE_INTTYPES_H 1
| #define HAVE_STDINT_H 1
| #define HAVE_UNISTD_H 1
| #define HAVE_DLFCN_H 1
| #define LT_OBJDIR ".libs/"
| #define HAVE_C_VARARRAYS 1
| #define STDC_HEADERS 1
| #define HAVE__BOOL 1
| #define HAVE_STDBOOL_H 1
| #define HAVE_LIBKERN_OSBYTEORDER_H 1
| #define HAVE_STDATOMIC_H 1
| #define HAVE_DECL_STRERROR_R 1
| #define HAVE_STRERROR_R 1
| #define HAVE_LANGINFO_CODESET 1
| #define HAVE_AI_ADDRCONFIG 1
| #define HAVE_HTONLL 1
| #define HAVE_NTOHLL 1
| #define HAVE_OSSWAPHOSTTOBIGINT64 1
| #define HAVE_OSSWAPBIGTOHOSTINT64 1
| #define HAVE_MKSTEMP 1
| #define HAVE_OPEN_MEMSTREAM 1
| #define HAVE_READPASSPHRASE_H 1
| /* end confdefs.h.  */
| #include <bsd/readpassphrase.h>
configure:14232: result: no
configure:14232: checking for bsd/readpassphrase.h
configure:14232: result: no
configure:14242: checking for library containing readpassphrase
configure:14273: gcc -o conftest -g -O2 -std=gnu11 -I/usr/local/opt/openssl//include  -L/usr/local/opt/openssl//lib  conftest.c  >&5
configure:14273: $? = 0
configure:14290: result: none required
configure:14300: checking for readpassphrase
configure:14300: gcc -o conftest -g -O2 -std=gnu11 -I/usr/local/opt/openssl//include  -L/usr/local/opt/openssl//lib  conftest.c  >&5
configure:14300: $? = 0
configure:14300: result: yes
configure:14312: checking for memset_s
configure:14312: gcc -o conftest -g -O2 -std=gnu11 -I/usr/local/opt/openssl//include  -L/usr/local/opt/openssl//lib  conftest.c  >&5
configure:14312: $? = 0
configure:14312: result: yes
configure:14322: checking whether SO_NOSIGPIPE is declared
configure:14322: gcc -c -g -O2 -std=gnu11 -I/usr/local/opt/openssl//include  conftest.c >&5
configure:14322: $? = 0
configure:14322: result: yes
configure:14333: checking whether MSG_NOSIGNAL is declared
configure:14333: gcc -c -g -O2 -std=gnu11 -I/usr/local/opt/openssl//include  conftest.c >&5
conftest.c:58:10: error: use of undeclared identifier 'MSG_NOSIGNAL'
  (void) MSG_NOSIGNAL;
         ^
1 error generated.
configure:14333: $? = 1
configure: failed program was:
| /* confdefs.h */
| #define PACKAGE_NAME "libneo4j-client"
| #define PACKAGE_TARNAME "libneo4j-client"
| #define PACKAGE_VERSION "2.2.0"
| #define PACKAGE_STRING "libneo4j-client 2.2.0"
| #define PACKAGE_BUGREPORT ""
| #define PACKAGE_URL ""
| #define PACKAGE "libneo4j-client"
| #define VERSION "2.2.0"
| #define PACKAGE_MAJOR_VERSION 2
| #define PACKAGE_MINOR_VERSION 2
| #define PACKAGE_PATCH_VERSION 0
| #define PACKAGE_DEVELOPMENT_VERSION ""
| #define STDC_HEADERS 1
| #define HAVE_SYS_TYPES_H 1
| #define HAVE_SYS_STAT_H 1
| #define HAVE_STDLIB_H 1
| #define HAVE_STRING_H 1
| #define HAVE_MEMORY_H 1
| #define HAVE_STRINGS_H 1
| #define HAVE_INTTYPES_H 1
| #define HAVE_STDINT_H 1
| #define HAVE_UNISTD_H 1
| #define HAVE_DLFCN_H 1
| #define LT_OBJDIR ".libs/"
| #define HAVE_C_VARARRAYS 1
| #define STDC_HEADERS 1
| #define HAVE__BOOL 1
| #define HAVE_STDBOOL_H 1
| #define HAVE_LIBKERN_OSBYTEORDER_H 1
| #define HAVE_STDATOMIC_H 1
| #define HAVE_DECL_STRERROR_R 1
| #define HAVE_STRERROR_R 1
| #define HAVE_LANGINFO_CODESET 1
| #define HAVE_AI_ADDRCONFIG 1
| #define HAVE_HTONLL 1
| #define HAVE_NTOHLL 1
| #define HAVE_OSSWAPHOSTTOBIGINT64 1
| #define HAVE_OSSWAPBIGTOHOSTINT64 1
| #define HAVE_MKSTEMP 1
| #define HAVE_OPEN_MEMSTREAM 1
| #define HAVE_READPASSPHRASE_H 1
| #define HAVE_READPASSPHRASE 1
| #define HAVE_MEMSET_S 1
| #define HAVE_SO_NOSIGPIPE 1
| /* end confdefs.h.  */
| 
| #include <sys/socket.h>
| 
| 
| int
| main ()
| {
| #ifndef MSG_NOSIGNAL
| #ifdef __cplusplus
|   (void) MSG_NOSIGNAL;
| #else
|   (void) MSG_NOSIGNAL;
| #endif
| #endif
| 
|   ;
|   return 0;
| }
configure:14333: result: no
configure:14346: checking for thread local storage class
configure:14372: gcc -c -g -O2 -std=gnu11 -I/usr/local/opt/openssl//include  conftest.c >&5
configure:14372: $? = 0
configure:14384: result: __thread
configure:14512: checking if compiler needs -Werror to reject unknown flags
configure:14528: gcc -c -g -O2 -std=gnu11 -Werror -Wunknown-warning-option -Wsizeof-array-argument -I/usr/local/opt/openssl//include  conftest.c >&5
configure:14528: $? = 0
configure:14529: result: yes
configure:14549: checking whether pthreads work with -pthread
configure:14637: gcc -c -g -O2 -std=gnu11 -pthread -Werror -I/usr/local/opt/openssl//include  conftest.c >&5
configure:14637: $? = 0
configure:14650: result: yes
configure:14669: checking for joinable pthread attribute
configure:14684: gcc -o conftest -g -O2 -std=gnu11 -pthread -I/usr/local/opt/openssl//include  -L/usr/local/opt/openssl//lib  conftest.c   >&5
configure:14684: $? = 0
configure:14690: result: PTHREAD_CREATE_JOINABLE
configure:14700: checking if more special flags are required for pthreads
configure:14715: result: -D_THREAD_SAFE
configure:14721: checking for PTHREAD_PRIO_INHERIT
configure:14738: gcc -o conftest -g -O2 -std=gnu11 -pthread -I/usr/local/opt/openssl//include  -L/usr/local/opt/openssl//lib  conftest.c   >&5
configure:14738: $? = 0
configure:14747: result: yes
configure:14924: checking for pkg-config
configure:14942: found /usr/local/bin/pkg-config
configure:14954: result: /usr/local/bin/pkg-config
configure:14979: checking pkg-config is at least version 0.9.0
configure:14982: result: yes
configure:14993: checking for OPENSSL
configure:15000: $PKG_CONFIG --exists --print-errors "openssl >= 0.9.7"
configure:15003: $? = 0
configure:15016: $PKG_CONFIG --exists --print-errors "openssl >= 0.9.7"
configure:15019: $? = 0
configure:15056: result: yes
configure:15072: checking for CRYPTO_set_locking_callback
configure:15072: gcc -o conftest -g -O2 -std=gnu11 -I/usr/local/opt/openssl//include  -L/usr/local/opt/openssl//lib  conftest.c -L/usr/local/Cellar/openssl@1.1/1.1.1d/lib -lssl -lcrypto  >&5
Undefined symbols for architecture x86_64:
  "_CRYPTO_set_locking_callback", referenced from:
      _main in conftest-fd086e.o
ld: symbol(s) not found for architecture x86_64
clang: error: linker command failed with exit code 1 (use -v to see invocation)
configure:15072: $? = 1
configure: failed program was:
| /* confdefs.h */
| #define PACKAGE_NAME "libneo4j-client"
| #define PACKAGE_TARNAME "libneo4j-client"
| #define PACKAGE_VERSION "2.2.0"
| #define PACKAGE_STRING "libneo4j-client 2.2.0"
| #define PACKAGE_BUGREPORT ""
| #define PACKAGE_URL ""
| #define PACKAGE "libneo4j-client"
| #define VERSION "2.2.0"
| #define PACKAGE_MAJOR_VERSION 2
| #define PACKAGE_MINOR_VERSION 2
| #define PACKAGE_PATCH_VERSION 0
| #define PACKAGE_DEVELOPMENT_VERSION ""
| #define STDC_HEADERS 1
| #define HAVE_SYS_TYPES_H 1
| #define HAVE_SYS_STAT_H 1
| #define HAVE_STDLIB_H 1
| #define HAVE_STRING_H 1
| #define HAVE_MEMORY_H 1
| #define HAVE_STRINGS_H 1
| #define HAVE_INTTYPES_H 1
| #define HAVE_STDINT_H 1
| #define HAVE_UNISTD_H 1
| #define HAVE_DLFCN_H 1
| #define LT_OBJDIR ".libs/"
| #define HAVE_C_VARARRAYS 1
| #define STDC_HEADERS 1
| #define HAVE__BOOL 1
| #define HAVE_STDBOOL_H 1
| #define HAVE_LIBKERN_OSBYTEORDER_H 1
| #define HAVE_STDATOMIC_H 1
| #define HAVE_DECL_STRERROR_R 1
| #define HAVE_STRERROR_R 1
| #define HAVE_LANGINFO_CODESET 1
| #define HAVE_AI_ADDRCONFIG 1
| #define HAVE_HTONLL 1
| #define HAVE_NTOHLL 1
| #define HAVE_OSSWAPHOSTTOBIGINT64 1
| #define HAVE_OSSWAPBIGTOHOSTINT64 1
| #define HAVE_MKSTEMP 1
| #define HAVE_OPEN_MEMSTREAM 1
| #define HAVE_READPASSPHRASE_H 1
| #define HAVE_READPASSPHRASE 1
| #define HAVE_MEMSET_S 1
| #define HAVE_SO_NOSIGPIPE 1
| #define THREAD_LOCAL __thread
| #define HAVE_PTHREAD_PRIO_INHERIT 1
| #define HAVE_PTHREADS 1
| #define HAVE_OPENSSL 1
| /* end confdefs.h.  */
| /* Define CRYPTO_set_locking_callback to an innocuous variant, in case <limits.h> declares CRYPTO_set_locking_callback.
|    For example, HP-UX 11i <limits.h> declares gettimeofday.  */
| #define CRYPTO_set_locking_callback innocuous_CRYPTO_set_locking_callback
| 
| /* System header to define __stub macros and hopefully few prototypes,
|     which can conflict with char CRYPTO_set_locking_callback (); below.
|     Prefer <limits.h> to <assert.h> if __STDC__ is defined, since
|     <limits.h> exists even on freestanding compilers.  */
| 
| #ifdef __STDC__
| # include <limits.h>
| #else
| # include <assert.h>
| #endif
| 
| #undef CRYPTO_set_locking_callback
| 
| /* Override any GCC internal prototype to avoid an error.
|    Use char because int might match the return type of a GCC
|    builtin and then its argument prototype would still apply.  */
| #ifdef __cplusplus
| extern "C"
| #endif
| char CRYPTO_set_locking_callback ();
| /* The GNU C library defines this for functions which it implements
|     to always fail with ENOSYS.  Some functions are actually named
|     something starting with __ and the normal name is an alias.  */
| #if defined __stub_CRYPTO_set_locking_callback || defined __stub___CRYPTO_set_locking_callback
| choke me
| #endif
| 
| int
| main ()
| {
| return CRYPTO_set_locking_callback ();
|   ;
|   return 0;
| }
configure:15072: result: no
configure:15072: checking for BIO_meth_new
configure:15072: gcc -o conftest -g -O2 -std=gnu11 -I/usr/local/opt/openssl//include  -L/usr/local/opt/openssl//lib  conftest.c -L/usr/local/Cellar/openssl@1.1/1.1.1d/lib -lssl -lcrypto  >&5
configure:15072: $? = 0
configure:15072: result: yes
configure:15072: checking for ASN1_STRING_get0_data
configure:15072: gcc -o conftest -g -O2 -std=gnu11 -I/usr/local/opt/openssl//include  -L/usr/local/opt/openssl//lib  conftest.c -L/usr/local/Cellar/openssl@1.1/1.1.1d/lib -lssl -lcrypto  >&5
configure:15072: $? = 0
configure:15072: result: yes
configure:15111: checking for CHECK
configure:15118: $PKG_CONFIG --exists --print-errors "check >= 0.9.4"
Package check was not found in the pkg-config search path.
Perhaps you should add the directory containing `check.pc'
to the PKG_CONFIG_PATH environment variable
No package 'check' found
configure:15121: $? = 1
configure:15134: $PKG_CONFIG --exists --print-errors "check >= 0.9.4"
Package check was not found in the pkg-config search path.
Perhaps you should add the directory containing `check.pc'
to the PKG_CONFIG_PATH environment variable
No package 'check' found
configure:15137: $? = 1
configure:15150: result: no
No package 'check' found
configure:15319: checking that generated files are newer than configure
configure:15325: result: done
configure:15369: creating ./config.status

## ---------------------- ##
## Running config.status. ##
## ---------------------- ##

This file was extended by libneo4j-client config.status 2.2.0, which was
generated by GNU Autoconf 2.69.  Invocation command line was

  CONFIG_FILES    = 
  CONFIG_HEADERS  = 
  CONFIG_LINKS    = 
  CONFIG_COMMANDS = 
  $ ./config.status 

on dobby

config.status:1142: creating Makefile
config.status:1142: creating src/lib/Makefile
config.status:1142: creating src/lib/neo4j-client.h
config.status:1142: creating config.h
config.status:1371: executing depfiles commands
config.status:1448: cd src/lib       && sed -e '/# am--include-marker/d' Makefile         | make -f - am--depfiles
make: Nothing to be done for `am--depfiles'.
config.status:1453: $? = 0
config.status:1371: executing libtool commands

## ---------------- ##
## Cache variables. ##
## ---------------- ##

ac_cv_build=x86_64-apple-darwin19.4.0
ac_cv_c_bigendian=no
ac_cv_c_compiler_gnu=yes
ac_cv_c_const=yes
ac_cv_c_inline=inline
ac_cv_c_vararrays=yes
ac_cv_env_CC_set=
ac_cv_env_CC_value=
ac_cv_env_CFLAGS_set=
ac_cv_env_CFLAGS_value=
ac_cv_env_CHECK_CFLAGS_set=
ac_cv_env_CHECK_CFLAGS_value=
ac_cv_env_CHECK_LIBS_set=
ac_cv_env_CHECK_LIBS_value=
ac_cv_env_CPPFLAGS_set=
ac_cv_env_CPPFLAGS_value=
ac_cv_env_CPP_set=
ac_cv_env_CPP_value=
ac_cv_env_LDFLAGS_set=
ac_cv_env_LDFLAGS_value=
ac_cv_env_LIBS_set=
ac_cv_env_LIBS_value=
ac_cv_env_LT_SYS_LIBRARY_PATH_set=
ac_cv_env_LT_SYS_LIBRARY_PATH_value=
ac_cv_env_OPENSSL_CFLAGS_set=
ac_cv_env_OPENSSL_CFLAGS_value=
ac_cv_env_OPENSSL_LIBS_set=
ac_cv_env_OPENSSL_LIBS_value=
ac_cv_env_PKG_CONFIG_LIBDIR_set=
ac_cv_env_PKG_CONFIG_LIBDIR_value=
ac_cv_env_PKG_CONFIG_PATH_set=
ac_cv_env_PKG_CONFIG_PATH_value=
ac_cv_env_PKG_CONFIG_set=
ac_cv_env_PKG_CONFIG_value=
ac_cv_env_build_alias_set=
ac_cv_env_build_alias_value=
ac_cv_env_host_alias_set=
ac_cv_env_host_alias_value=
ac_cv_env_target_alias_set=
ac_cv_env_target_alias_value=
ac_cv_func_ASN1_STRING_get0_data=yes
ac_cv_func_BIO_meth_new=yes
ac_cv_func_CRYPTO_set_locking_callback=no
ac_cv_func_memset_s=yes
ac_cv_func_mkstemp=yes
ac_cv_func_open_memstream=yes
ac_cv_func_readpassphrase=yes
ac_cv_func_strerror_r=yes
ac_cv_func_strerror_r_char_p=no
ac_cv_have_decl_AI_ADDRCONFIG=yes
ac_cv_have_decl_MSG_NOSIGNAL=no
ac_cv_have_decl_OSSwapBigToHostInt64=yes
ac_cv_have_decl_OSSwapHostToBigInt64=yes
ac_cv_have_decl_SO_NOSIGPIPE=yes
ac_cv_have_decl_be64toh=no
ac_cv_have_decl_bswap_64=no
ac_cv_have_decl_htobe64=no
ac_cv_have_decl_htonll=yes
ac_cv_have_decl_ntohll=yes
ac_cv_have_decl_strerror_r=yes
ac_cv_header_bsd_readpassphrase_h=no
ac_cv_header_dlfcn_h=yes
ac_cv_header_endian_h=no
ac_cv_header_inttypes_h=yes
ac_cv_header_libkern_OSByteOrder_h=yes
ac_cv_header_memory_h=yes
ac_cv_header_readpassphrase_h=yes
ac_cv_header_stdatomic_h=yes
ac_cv_header_stdbool_h=yes
ac_cv_header_stdc=yes
ac_cv_header_stdint_h=yes
ac_cv_header_stdlib_h=yes
ac_cv_header_string_h=yes
ac_cv_header_strings_h=yes
ac_cv_header_sys_endian_h=no
ac_cv_header_sys_stat_h=yes
ac_cv_header_sys_types_h=yes
ac_cv_header_unistd_h=yes
ac_cv_host=x86_64-apple-darwin19.4.0
ac_cv_objext=o
ac_cv_path_EGREP='/usr/bin/grep -E'
ac_cv_path_FGREP='/usr/bin/grep -F'
ac_cv_path_GREP=/usr/bin/grep
ac_cv_path_SED=/usr/bin/sed
ac_cv_path_ac_pt_PKG_CONFIG=/usr/local/bin/pkg-config
ac_cv_path_install='/usr/bin/install -c'
ac_cv_path_lt_DD=/bin/dd
ac_cv_prog_AWK=awk
ac_cv_prog_CPP='gcc -E'
ac_cv_prog_ac_ct_AR=ar
ac_cv_prog_ac_ct_CC=gcc
ac_cv_prog_ac_ct_DSYMUTIL=dsymutil
ac_cv_prog_ac_ct_LIPO=lipo
ac_cv_prog_ac_ct_NMEDIT=nmedit
ac_cv_prog_ac_ct_OBJDUMP=objdump
ac_cv_prog_ac_ct_OTOOL=otool
ac_cv_prog_ac_ct_RANLIB=ranlib
ac_cv_prog_ac_ct_STRIP=strip
ac_cv_prog_cc_c89=
ac_cv_prog_cc_g=yes
ac_cv_prog_make_make_set=yes
ac_cv_search_readpassphrase='none required'
ac_cv_tls=__thread
ac_cv_type__Bool=yes
ac_cv_type_size_t=yes
ac_cv_type_socklen_t=yes
ac_cv_type_ssize_t=yes
am_cv_CC_dependencies_compiler_type=gcc3
am_cv_langinfo_codeset=yes
am_cv_make_support_nested_variables=yes
am_cv_prog_cc_c_o=yes
ax_cv_PTHREAD_PRIO_INHERIT=yes
lt_cv_apple_cc_single_mod=yes
lt_cv_ar_at_file=no
lt_cv_deplibs_check_method=pass_all
lt_cv_file_magic_cmd='$MAGIC_CMD'
lt_cv_file_magic_test_file=
lt_cv_ld_exported_symbols_list=yes
lt_cv_ld_force_load=yes
lt_cv_ld_reload_flag=-r
lt_cv_nm_interface='BSD nm'
lt_cv_objdir=.libs
lt_cv_path_LD=/Library/Developer/CommandLineTools/usr/bin/ld
lt_cv_path_NM='/usr/bin/nm -B'
lt_cv_path_mainfest_tool=no
lt_cv_prog_compiler_c_o=yes
lt_cv_prog_compiler_pic='-fno-common -DPIC'
lt_cv_prog_compiler_pic_works=yes
lt_cv_prog_compiler_rtti_exceptions=yes
lt_cv_prog_compiler_static_works=no
lt_cv_prog_gnu_ld=no
lt_cv_sharedlib_from_linklib_cmd='printf %s\n'
lt_cv_sys_global_symbol_pipe='sed -n -e '\''s/^.*[	 ]\([BCDEGRST][BCDEGRST]*\)[	 ][	 ]*_\([_A-Za-z][_A-Za-z0-9]*\)$/\1 _\2 \2/p'\'' | sed '\''/ __gnu_lto/d'\'''
lt_cv_sys_global_symbol_to_c_name_address='sed -n -e '\''s/^: \(.*\) .*$/  {"\1", (void *) 0},/p'\'' -e '\''s/^[BCDEGRST][BCDEGRST]* .* \(.*\)$/  {"\1", (void *) \&\1},/p'\'''
lt_cv_sys_global_symbol_to_c_name_address_lib_prefix='sed -n -e '\''s/^: \(.*\) .*$/  {"\1", (void *) 0},/p'\'' -e '\''s/^[BCDEGRST][BCDEGRST]* .* \(lib.*\)$/  {"\1", (void *) \&\1},/p'\'' -e '\''s/^[BCDEGRST][BCDEGRST]* .* \(.*\)$/  {"lib\1", (void *) \&\1},/p'\'''
lt_cv_sys_global_symbol_to_cdecl='sed -n -e '\''s/^T .* \(.*\)$/extern int \1();/p'\'' -e '\''s/^[BCDEGRST][BCDEGRST]* .* \(.*\)$/extern char \1;/p'\'''
lt_cv_sys_global_symbol_to_import=
lt_cv_sys_max_cmd_len=196608
lt_cv_to_host_file_cmd=func_convert_file_noop
lt_cv_to_tool_file_cmd=func_convert_file_noop
lt_cv_truncate_bin='/bin/dd bs=4096 count=1'
neo4j_cv_prog_cc_c11=-std=gnu11
neo4j_cv_static_assert=yes
pkg_cv_OPENSSL_CFLAGS=-I/usr/local/Cellar/openssl@1.1/1.1.1d/include
pkg_cv_OPENSSL_LIBS='-L/usr/local/Cellar/openssl@1.1/1.1.1d/lib -lssl -lcrypto'

## ----------------- ##
## Output variables. ##
## ----------------- ##

ACLOCAL='${SHELL} /Users/maj/Code/neoclient/build/missing aclocal-1.16'
AMDEPBACKSLASH='\'
AMDEP_FALSE='#'
AMDEP_TRUE=''
AMTAR='$${TAR-tar}'
AM_BACKSLASH='\'
AM_DEFAULT_V='$(AM_DEFAULT_VERBOSITY)'
AM_DEFAULT_VERBOSITY='1'
AM_V='$(V)'
AR='ar'
AUTOCONF='${SHELL} /Users/maj/Code/neoclient/build/missing autoconf'
AUTOHEADER='${SHELL} /Users/maj/Code/neoclient/build/missing autoheader'
AUTOMAKE='${SHELL} /Users/maj/Code/neoclient/build/missing automake-1.16'
AWK='awk'
CC='gcc'
CCDEPMODE='depmode=gcc3'
CFLAGS='-g -O2 -std=gnu11 -fvisibility=hidden -pipe -Wall -W -Werror     -Wno-unused-parameter -Wno-missing-field-initializers -Wpointer-arith     -Wstrict-prototypes -Wcast-qual -Wcast-align -Wno-error=unused-function     -Wno-error=unused-variable -Wno-error=deprecated-declarations'
CHECK_CFLAGS=''
CHECK_LIBS=''
CPP='gcc -E'
CPPFLAGS='-I/usr/local/opt/openssl//include '
CYGPATH_W='echo'
DEFS='-DHAVE_CONFIG_H'
DEPDIR='.deps'
DLLTOOL='false'
DSYMUTIL='dsymutil'
DUMPBIN=''
ECHO_C='\c'
ECHO_N=''
ECHO_T=''
EGREP='/usr/bin/grep -E'
EXEEXT=''
FGREP='/usr/bin/grep -F'
GREP='/usr/bin/grep'
HAVE_CHECK_FALSE=''
HAVE_CHECK_TRUE='#'
HAVE_OPENSSL_FALSE='#'
HAVE_OPENSSL_TRUE=''
INSTALL_DATA='${INSTALL} -m 644'
INSTALL_PROGRAM='${INSTALL}'
INSTALL_SCRIPT='${INSTALL}'
INSTALL_STRIP_PROGRAM='$(install_sh) -c -s'
LD='/Library/Developer/CommandLineTools/usr/bin/ld'
LDFLAGS='-L/usr/local/opt/openssl//lib '
LIBM=''
LIBOBJS=''
LIBS=''
LIBTOOL='$(SHELL) $(top_builddir)/libtool'
LIPO='lipo'
LN_S='ln -s'
LTLIBOBJS=''
LT_SYS_LIBRARY_PATH=''
MAINT=''
MAINTAINER_MODE_FALSE='#'
MAINTAINER_MODE_TRUE=''
MAKEINFO='${SHELL} /Users/maj/Code/neoclient/build/missing makeinfo'
MANIFEST_TOOL=':'
MKDIR_P='./install-sh -c -d'
NM='/usr/bin/nm -B'
NMEDIT='nmedit'
OBJDUMP='objdump'
OBJEXT='o'
OPENSSL_CFLAGS='-I/usr/local/Cellar/openssl@1.1/1.1.1d/include'
OPENSSL_LIBS='-L/usr/local/Cellar/openssl@1.1/1.1.1d/lib -lssl -lcrypto'
OTOOL64=':'
OTOOL='otool'
PACKAGE='libneo4j-client'
PACKAGE_BUGREPORT=''
PACKAGE_DEVELOPMENT_VERSION=''
PACKAGE_MAJOR_VERSION='2'
PACKAGE_MINOR_VERSION='2'
PACKAGE_NAME='libneo4j-client'
PACKAGE_PATCH_VERSION='0'
PACKAGE_STATUS_VERSION='0'
PACKAGE_STRING='libneo4j-client 2.2.0'
PACKAGE_TARNAME='libneo4j-client'
PACKAGE_URL=''
PACKAGE_VERSION='2.2.0'
PATH_SEPARATOR=':'
PKG_CONFIG='/usr/local/bin/pkg-config'
PKG_CONFIG_LIBDIR=''
PKG_CONFIG_PATH='/usr/local/opt/openssl//lib/pkgconfig'
PTHREAD_CC='gcc'
PTHREAD_CFLAGS='-D_THREAD_SAFE -pthread'
PTHREAD_LIBS=''
RANLIB='ranlib'
REQUIRES='openssl >= 0.9.7'
SED='/usr/bin/sed'
SET_MAKE=''
SHELL='/bin/sh'
STRIP='strip'
VERSION='2.2.0'
WANT_TOOLS=''
WITH_TLS_FALSE='#'
WITH_TLS_TRUE=''
ac_ct_AR='ar'
ac_ct_CC='gcc'
ac_ct_DUMPBIN=''
am__EXEEXT_FALSE=''
am__EXEEXT_TRUE='#'
am__fastdepCC_FALSE='#'
am__fastdepCC_TRUE=''
am__include='include'
am__isrc=''
am__leading_dot='.'
am__nodep='_no'
am__quote=''
am__tar='$${TAR-tar} chof - "$$tardir"'
am__untar='$${TAR-tar} xf -'
ax_pthread_config=''
bindir='${exec_prefix}/bin'
build='x86_64-apple-darwin19.4.0'
build_alias=''
build_cpu='x86_64'
build_os='darwin19.4.0'
build_vendor='apple'
datadir='${datarootdir}'
datarootdir='${prefix}/share'
docdir='${datarootdir}/doc/${PACKAGE_TARNAME}'
dvidir='${docdir}'
exec_prefix='${prefix}'
host='x86_64-apple-darwin19.4.0'
host_alias=''
host_cpu='x86_64'
host_os='darwin19.4.0'
host_vendor='apple'
htmldir='${docdir}'
includedir='${prefix}/include'
infodir='${datarootdir}/info'
install_sh='${SHELL} /Users/maj/Code/neoclient/build/install-sh'
libdir='${exec_prefix}/lib'
libexecdir='${exec_prefix}/libexec'
localedir='${datarootdir}/locale'
localstatedir='${prefix}/var'
mandir='${datarootdir}/man'
mkdir_p='$(MKDIR_P)'
oldincludedir='/usr/include'
pdfdir='${docdir}'
prefix='/usr/local'
program_transform_name='s,x,x,'
psdir='${docdir}'
sbindir='${exec_prefix}/sbin'
sharedstatedir='${prefix}/com'
sysconfdir='${prefix}/etc'
target_alias=''

## ----------- ##
## confdefs.h. ##
## ----------- ##

/* confdefs.h */
#define PACKAGE_NAME "libneo4j-client"
#define PACKAGE_TARNAME "libneo4j-client"
#define PACKAGE_VERSION "2.2.0"
#define PACKAGE_STRING "libneo4j-client 2.2.0"
#define PACKAGE_BUGREPORT ""
#define PACKAGE_URL ""
#define PACKAGE "libneo4j-client"
#define VERSION "2.2.0"
#define PACKAGE_MAJOR_VERSION 2
#define PACKAGE_MINOR_VERSION 2
#define PACKAGE_PATCH_VERSION 0
#define PACKAGE_DEVELOPMENT_VERSION ""
#define STDC_HEADERS 1
#define HAVE_SYS_TYPES_H 1
#define HAVE_SYS_STAT_H 1
#define HAVE_STDLIB_H 1
#define HAVE_STRING_H 1
#define HAVE_MEMORY_H 1
#define HAVE_STRINGS_H 1
#define HAVE_INTTYPES_H 1
#define HAVE_STDINT_H 1
#define HAVE_UNISTD_H 1
#define HAVE_DLFCN_H 1
#define LT_OBJDIR ".libs/"
#define HAVE_C_VARARRAYS 1
#define STDC_HEADERS 1
#define HAVE__BOOL 1
#define HAVE_STDBOOL_H 1
#define HAVE_LIBKERN_OSBYTEORDER_H 1
#define HAVE_STDATOMIC_H 1
#define HAVE_DECL_STRERROR_R 1
#define HAVE_STRERROR_R 1
#define HAVE_LANGINFO_CODESET 1
#define HAVE_AI_ADDRCONFIG 1
#define HAVE_HTONLL 1
#define HAVE_NTOHLL 1
#define HAVE_OSSWAPHOSTTOBIGINT64 1
#define HAVE_OSSWAPBIGTOHOSTINT64 1
#define HAVE_MKSTEMP 1
#define HAVE_OPEN_MEMSTREAM 1
#define HAVE_READPASSPHRASE_H 1
#define HAVE_READPASSPHRASE 1
#define HAVE_MEMSET_S 1
#define HAVE_SO_NOSIGPIPE 1
#define THREAD_LOCAL __thread
#define HAVE_PTHREAD_PRIO_INHERIT 1
#define HAVE_PTHREADS 1
#define HAVE_OPENSSL 1
#define HAVE_BIO_METH_NEW 1
#define HAVE_ASN1_STRING_GET0_DATA 1
#define HAVE_TLS 1

configure: exit 0
